<?xml version="1.0" encoding="UTF-8" ?>
<testsuite failures="0" time="0.145" errors="0" skipped="0" tests="8" name="org.johngao.minibean.test.all.MiniBeanTest">
  <properties>
[...]
</properties>
  <testcase time="0.012" classname="org.johngao.minibean.test.all.MiniBeanTest" name="test1"/>
  <testcase time="0" classname="org.johngao.minibean.test.all.MiniBeanTest" name="test2"/>
  <testcase time="0" classname="org.johngao.minibean.test.all.MiniBeanTest" name="test3"/>
  <testcase time="0" classname="org.johngao.minibean.test.all.MiniBeanTest" name="test4"/>
  <testcase time="0" classname="org.johngao.minibean.test.all.MiniBeanTest" name="test5"/>
  <testcase time="0.001" classname="org.johngao.minibean.test.all.MiniBeanTest" name="test6"/>
  <testcase time="0" classname="org.johngao.minibean.test.all.MiniBeanTest" name="test7"/>
  <testcase time="0.064" classname="org.johngao.minibean.test.all.MiniBeanTest" name="test8"/>
</testsuite>